# JRE version: OpenJDK Runtime Environment (8.0_242-b01) (build 1.8.0_242-release-1644-b01)
# Java VM: OpenJDK 64-Bit Server VM (25.242-b01 mixed mode windows-amd64 compressed oops)
Heap:
 PSYoungGen      total 468992K, used 170617K [0x00000000e0000000, 0x0000000100000000, 0x0000000100000000)
  eden space 414208K, 36% used [0x00000000e0000000,0x00000000e92ce328,0x00000000f9480000)
  from space 54784K, 37% used [0x00000000fc780000,0x00000000fdb504b0,0x00000000ffd00000)
  to   space 52224K, 0% used [0x00000000f9480000,0x00000000f9480000,0x00000000fc780000)
 ParOldGen       total 717312K, used 82663K [0x00000000a0000000, 0x00000000cbc80000, 0x00000000e0000000)
  object space 717312K, 11% used [0x00000000a0000000,0x00000000a50b9cf0,0x00000000cbc80000)
 Metaspace       used 96046K, capacity 99624K, committed 100736K, reserved 1136640K
  class space    used 12386K, capacity 13136K, committed 13440K, reserved 1048576K
GC Heap History (10 events):
Event: 151.880 GC heap before
{Heap before GC invocations=14 (full 3):
 PSYoungGen      total 442368K, used 330824K [0x00000000e0000000, 0x00000000fed80000, 0x0000000100000000)
  eden space 396800K, 71% used [0x00000000e0000000,0x00000000f1697f08,0x00000000f8380000)
  from space 45568K, 99% used [0x00000000fb680000,0x00000000fe2fa4d0,0x00000000fe300000)
  to   space 52224K, 0% used [0x00000000f8380000,0x00000000f8380000,0x00000000fb680000)
 ParOldGen       total 667648K, used 545361K [0x00000000a0000000, 0x00000000c8c00000, 0x00000000e0000000)
  object space 667648K, 81% used [0x00000000a0000000,0x00000000c14947d8,0x00000000c8c00000)
 Metaspace       used 94219K, capacity 98486K, committed 98560K, reserved 1134592K
  class space    used 12294K, capacity 13139K, committed 13184K, reserved 1048576K
Event: 151.909 GC heap after
Heap after GC invocations=14 (full 3):
 PSYoungGen      total 449024K, used 42764K [0x00000000e0000000, 0x0000000100000000, 0x0000000100000000)
  eden space 396800K, 0% used [0x00000000e0000000,0x00000000e0000000,0x00000000f8380000)
  from space 52224K, 81% used [0x00000000f8380000,0x00000000fad43150,0x00000000fb680000)
  to   space 56320K, 0% used [0x00000000fc900000,0x00000000fc900000,0x0000000100000000)
 ParOldGen       total 667648K, used 545369K [0x00000000a0000000, 0x00000000c8c00000, 0x00000000e0000000)
  object space 667648K, 81% used [0x00000000a0000000,0x00000000c14967d8,0x00000000c8c00000)
 Metaspace       used 94219K, capacity 98486K, committed 98560K, reserved 1134592K
  class space    used 12294K, capacity 13139K, committed 13184K, reserved 1048576K
}
Event: 151.909 GC heap before
{Heap before GC invocations=15 (full 4):
 PSYoungGen      total 449024K, used 42764K [0x00000000e0000000, 0x0000000100000000, 0x0000000100000000)
  eden space 396800K, 0% used [0x00000000e0000000,0x00000000e0000000,0x00000000f8380000)
  from space 52224K, 81% used [0x00000000f8380000,0x00000000fad43150,0x00000000fb680000)
  to   space 56320K, 0% used [0x00000000fc900000,0x00000000fc900000,0x0000000100000000)
 ParOldGen       total 667648K, used 545369K [0x00000000a0000000, 0x00000000c8c00000, 0x00000000e0000000)
  object space 667648K, 81% used [0x00000000a0000000,0x00000000c14967d8,0x00000000c8c00000)
 Metaspace       used 94219K, capacity 98486K, committed 98560K, reserved 1134592K
  class space    used 12294K, capacity 13139K, committed 13184K, reserved 1048576K
Event: 152.024 GC heap after
Heap after GC invocations=15 (full 4):
 PSYoungGen      total 449024K, used 0K [0x00000000e0000000, 0x0000000100000000, 0x0000000100000000)
  eden space 396800K, 0% used [0x00000000e0000000,0x00000000e0000000,0x00000000f8380000)
  from space 52224K, 0% used [0x00000000f8380000,0x00000000f8380000,0x00000000fb680000)
  to   space 56320K, 0% used [0x00000000fc900000,0x00000000fc900000,0x0000000100000000)
 ParOldGen       total 717312K, used 82645K [0x00000000a0000000, 0x00000000cbc80000, 0x00000000e0000000)
  object space 717312K, 11% used [0x00000000a0000000,0x00000000a50b56c0,0x00000000cbc80000)
 Metaspace       used 93785K, capacity 97240K, committed 98560K, reserved 1134592K
  class space    used 12154K, capacity 12892K, committed 13184K, reserved 1048576K
}
Event: 152.601 GC heap before
{Heap before GC invocations=16 (full 4):
 PSYoungGen      total 449024K, used 396800K [0x00000000e0000000, 0x0000000100000000, 0x0000000100000000)
  eden space 396800K, 100% used [0x00000000e0000000,0x00000000f8380000,0x00000000f8380000)
  from space 52224K, 0% used [0x00000000f8380000,0x00000000f8380000,0x00000000fb680000)
  to   space 56320K, 0% used [0x00000000fc900000,0x00000000fc900000,0x0000000100000000)
 ParOldGen       total 717312K, used 82645K [0x00000000a0000000, 0x00000000cbc80000, 0x00000000e0000000)
  object space 717312K, 11% used [0x00000000a0000000,0x00000000a50b56c0,0x00000000cbc80000)
 Metaspace       used 95510K, capacity 99112K, committed 100480K, reserved 1136640K
  class space    used 12364K, capacity 13130K, committed 13440K, reserved 1048576K
Event: 152.606 GC heap after
Heap after GC invocations=16 (full 4):
 PSYoungGen      total 467968K, used 9867K [0x00000000e0000000, 0x0000000100000000, 0x0000000100000000)
  eden space 411648K, 0% used [0x00000000e0000000,0x00000000e0000000,0x00000000f9200000)
  from space 56320K, 17% used [0x00000000fc900000,0x00000000fd2a2f50,0x0000000100000000)
  to   space 56320K, 0% used [0x00000000f9200000,0x00000000f9200000,0x00000000fc900000)
 ParOldGen       total 717312K, used 82653K [0x00000000a0000000, 0x00000000cbc80000, 0x00000000e0000000)
  object space 717312K, 11% used [0x00000000a0000000,0x00000000a50b76c0,0x00000000cbc80000)
 Metaspace       used 95510K, capacity 99112K, committed 100480K, reserved 1136640K
  class space    used 12364K, capacity 13130K, committed 13440K, reserved 1048576K
}
Event: 153.058 GC heap before
{Heap before GC invocations=17 (full 4):
 PSYoungGen      total 467968K, used 421515K [0x00000000e0000000, 0x0000000100000000, 0x0000000100000000)
  eden space 411648K, 100% used [0x00000000e0000000,0x00000000f9200000,0x00000000f9200000)
  from space 56320K, 17% used [0x00000000fc900000,0x00000000fd2a2f50,0x0000000100000000)
  to   space 56320K, 0% used [0x00000000f9200000,0x00000000f9200000,0x00000000fc900000)
 ParOldGen       total 717312K, used 82655K [0x00000000a0000000, 0x00000000cbc80000, 0x00000000e0000000)
  object space 717312K, 11% used [0x00000000a0000000,0x00000000a50b7cf0,0x00000000cbc80000)
 Metaspace       used 95829K, capacity 99404K, committed 100736K, reserved 1136640K
  class space    used 12385K, capacity 13136K, committed 13440K, reserved 1048576K
Event: 153.065 GC heap after
Heap after GC invocations=17 (full 4):
 PSYoungGen      total 423424K, used 11344K [0x00000000e0000000, 0x00000000ffd00000, 0x0000000100000000)
  eden space 411648K, 0% used [0x00000000e0000000,0x00000000e0000000,0x00000000f9200000)
  from space 11776K, 96% used [0x00000000f9200000,0x00000000f9d14210,0x00000000f9d80000)
  to   space 54784K, 0% used [0x00000000fc780000,0x00000000fc780000,0x00000000ffd00000)
 ParOldGen       total 717312K, used 82663K [0x00000000a0000000, 0x00000000cbc80000, 0x00000000e0000000)
  object space 717312K, 11% used [0x00000000a0000000,0x00000000a50b9cf0,0x00000000cbc80000)
 Metaspace       used 95829K, capacity 99404K, committed 100736K, reserved 1136640K
  class space    used 12385K, capacity 13136K, committed 13440K, reserved 1048576K
}
Event: 153.432 GC heap before
{Heap before GC invocations=18 (full 4):
 PSYoungGen      total 423424K, used 422992K [0x00000000e0000000, 0x00000000ffd00000, 0x0000000100000000)
  eden space 411648K, 100% used [0x00000000e0000000,0x00000000f9200000,0x00000000f9200000)
  from space 11776K, 96% used [0x00000000f9200000,0x00000000f9d14210,0x00000000f9d80000)
  to   space 54784K, 0% used [0x00000000fc780000,0x00000000fc780000,0x00000000ffd00000)
 ParOldGen       total 717312K, used 82663K [0x00000000a0000000, 0x00000000cbc80000, 0x00000000e0000000)
  object space 717312K, 11% used [0x00000000a0000000,0x00000000a50b9cf0,0x00000000cbc80000)
 Metaspace       used 96041K, capacity 99624K, committed 100736K, reserved 1136640K
  class space    used 12385K, capacity 13136K, committed 13440K, reserved 1048576K
Event: 153.440 GC heap after
Heap after GC invocations=18 (full 4):
 PSYoungGen      total 468992K, used 20289K [0x00000000e0000000, 0x0000000100000000, 0x0000000100000000)
  eden space 414208K, 0% used [0x00000000e0000000,0x00000000e0000000,0x00000000f9480000)
  from space 54784K, 37% used [0x00000000fc780000,0x00000000fdb504b0,0x00000000ffd00000)
  to   space 52224K, 0% used [0x00000000f9480000,0x00000000f9480000,0x00000000fc780000)
 ParOldGen       total 717312K, used 82663K [0x00000000a0000000, 0x00000000cbc80000, 0x00000000e0000000)
  object space 717312K, 11% used [0x00000000a0000000,0x00000000a50b9cf0,0x00000000cbc80000)
 Metaspace       used 96041K, capacity 99624K, committed 100736K, reserved 1136640K
  class space    used 12385K, capacity 13136K, committed 13440K, reserved 1048576K
}

